* using log directory 'C:/Users/Suat/Desktop/Master_courses/732A94_advanced_R/Lab4/Lab5_17/swelection.Rcheck'
* using R version 3.6.1 (2019-07-05)
* using platform: x86_64-w64-mingw32 (64-bit)
* using session charset: ISO8859-1
* using options '--no-manual --as-cran'
* checking for file 'swelection/DESCRIPTION' ... OK
* checking extension type ... Package
* this is package 'swelection' version '1.0'
* package encoding: UTF-8
* checking package namespace information ... OK
* checking package dependencies ... OK
* checking if this is a source package ... OK
* checking if there is a namespace ... OK
* checking for executable files ... OK
* checking for hidden files and directories ... OK
* checking for portable file names ... OK
* checking serialization versions ... OK
* checking whether package 'swelection' can be installed ... OK
* checking installed package size ... OK
* checking package directory ... OK
* checking for future file timestamps ... OK
* checking DESCRIPTION meta-information ... OK
* checking top-level files ... OK
* checking for left-over files ... OK
* checking index information ... OK
* checking package subdirectories ... OK
* checking R files for non-ASCII characters ... OK
* checking R files for syntax errors ... OK
* checking whether the package can be loaded ... OK
* checking whether the package can be loaded with stated dependencies ... OK
* checking whether the package can be unloaded cleanly ... OK
* checking whether the namespace can be loaded with stated dependencies ... OK
* checking whether the namespace can be unloaded cleanly ... OK
* checking loading without being on the library search path ... OK
* checking dependencies in R code ... OK
* checking S3 generic/method consistency ... OK
* checking replacement functions ... OK
* checking foreign function calls ... OK
* checking R code for possible problems ... OK
* checking Rd files ... OK
* checking Rd metadata ... OK
* checking Rd line widths ... OK
* checking Rd cross-references ... OK
* checking for missing documentation entries ... WARNING
Undocumented data sets:
  'votes_spec2'
All user-level objects in a package should have documentation entries.
See chapter 'Writing R documentation files' in the 'Writing R
Extensions' manual.
* checking for code/documentation mismatches ... OK
* checking Rd \usage sections ... OK
* checking Rd contents ... OK
* checking for unstated dependencies in examples ... OK
* checking contents of 'data' directory ... WARNING
Output for data("linkoping_data2", package = "swelection"):
  -- [1mAttaching packages[22m ------------------ tidyverse 1.2.1 --
  [32mv[39m [34mggplot2[39m 3.2.1     [32mv[39m [34mpurrr  [39m 0.3.2
  [32mv[39m [34mtibble [39m 2.1.3     [32mv[39m [34mdplyr  [39m 0.8.3
  [32mv[39m [34mtidyr  [39m 1.0.0     [32mv[39m [34mstringr[39m 1.4.0
  [32mv[39m [34mreadr  [39m 1.3.1     [32mv[39m [34mforcats[39m 0.4.0
  -- [1mConflicts[22m --------------------- tidyverse_conflicts() --
  [31mx[39m [34mdplyr[39m::[32mfilter()[39m masks [34mstats[39m::filter()
  [31mx[39m [34mdplyr[39m::[32mlag()[39m    masks [34mstats[39m::lag()
  
  Attaching package: 'magrittr'
  
  The following object is masked from 'package:purrr':
  
      set_names
  
  The following object is masked from 'package:tidyr':
  
      extract
  
  trying URL 'https://data.val.se/val/val2014/valnatt/valnatt.zip'
  Content type 'application/zip' length 5376247 bytes (5.1 MB)
  ==================================================
  downloaded 5.1 MB
  
  Search path was changed
* checking data for non-ASCII characters ... OK
* checking data for ASCII and uncompressed saves ... OK
* checking examples ... NONE
* DONE
Status: 2 WARNINGs
