* installing *source* package 'swelection' ...
** using staged installation
** R
** data
** byte-compile and prepare package for lazy loading
trying URL 'https://data.val.se/val/val2014/valnatt/valnatt.zip'
Content type 'application/zip' length 5376247 bytes (5.1 MB)
==================================================
downloaded 5.1 MB

** help
*** installing help indices
** building package indices
trying URL 'https://data.val.se/val/val2014/valnatt/valnatt.zip'
Content type 'application/zip' length 5376247 bytes (5.1 MB)
==================================================
downloaded 5.1 MB

** testing if installed package can be loaded from temporary location
*** arch - i386
*** arch - x64
** testing if installed package can be loaded from final location
*** arch - i386
*** arch - x64
** testing if installed package keeps a record of temporary installation path
* DONE (swelection)
